[debug] [2026-07-02T17:26:13.652Z] ----------------------------------------------------------------------
[debug] [2026-07-02T17:26:13.657Z] Command:       C:\Program Files\nodejs\node.exe C:\Users\alero\AppData\Roaming\npm\node_modules\firebase-tools\lib\bin\firebase.js deploy --only functions database
[debug] [2026-07-02T17:26:13.657Z] CLI Version:   15.22.4
[debug] [2026-07-02T17:26:13.657Z] Platform:      win32
[debug] [2026-07-02T17:26:13.657Z] Node Version:  v22.16.0
[debug] [2026-07-02T17:26:13.658Z] Detected Agent: unknown
[debug] [2026-07-02T17:26:13.658Z] Time:          Thu Jul 02 2026 14:26:13 GMT-0300 (hora estándar de Argentina)
[debug] [2026-07-02T17:26:13.658Z] ----------------------------------------------------------------------
[debug] 
[debug] [2026-07-02T17:26:13.664Z] >>> [apiv2][query] GET https://firebase-public.firebaseio.com/cli.json [none]
[debug] [2026-07-02T17:26:19.985Z] > command requires scopes: ["email","openid","https://www.googleapis.com/auth/cloudplatformprojects.readonly","https://www.googleapis.com/auth/firebase","https://www.googleapis.com/auth/cloud-platform"]
[debug] [2026-07-02T17:26:19.985Z] > authorizing via signed-in user (aleromer8@gmail.com)
[debug] [2026-07-02T17:26:19.985Z] [iam] checking project agendafamiliar-d9d7a for permissions ["cloudfunctions.functions.create","cloudfunctions.functions.delete","cloudfunctions.functions.get","cloudfunctions.functions.list","cloudfunctions.functions.update","cloudfunctions.operations.get","firebase.projects.get","firebasedatabase.instances.update"]
[debug] [2026-07-02T17:26:19.987Z] Checked if tokens are valid: false, expires at: 1778879696935
[debug] [2026-07-02T17:26:19.988Z] Checked if tokens are valid: false, expires at: 1778879696935
[debug] [2026-07-02T17:26:19.988Z] > refreshing access token with scopes: []
[debug] [2026-07-02T17:26:19.992Z] >>> [apiv2][query] POST https://www.googleapis.com/oauth2/v3/token [none]
[debug] [2026-07-02T17:26:19.992Z] >>> [apiv2][body] POST https://www.googleapis.com/oauth2/v3/token [omitted]
[debug] [2026-07-02T17:26:20.125Z] <<< [apiv2][status] POST https://www.googleapis.com/oauth2/v3/token 200
[debug] [2026-07-02T17:26:20.125Z] <<< [apiv2][body] POST https://www.googleapis.com/oauth2/v3/token [omitted]
[debug] [2026-07-02T17:26:20.147Z] >>> [apiv2][query] POST https://cloudresourcemanager.googleapis.com/v1/projects/agendafamiliar-d9d7a:testIamPermissions [none]
[debug] [2026-07-02T17:26:20.147Z] >>> [apiv2][(partial)header] POST https://cloudresourcemanager.googleapis.com/v1/projects/agendafamiliar-d9d7a:testIamPermissions  x-goog-user-project=agendafamiliar-d9d7a
[debug] [2026-07-02T17:26:20.148Z] >>> [apiv2][body] POST https://cloudresourcemanager.googleapis.com/v1/projects/agendafamiliar-d9d7a:testIamPermissions {"permissions":["cloudfunctions.functions.create","cloudfunctions.functions.delete","cloudfunctions.functions.get","cloudfunctions.functions.list","cloudfunctions.functions.update","cloudfunctions.operations.get","firebase.projects.get","firebasedatabase.instances.update"]}
[debug] [2026-07-02T17:26:20.418Z] <<< [apiv2][status] GET https://firebase-public.firebaseio.com/cli.json 200
[debug] [2026-07-02T17:26:20.419Z] <<< [apiv2][body] GET https://firebase-public.firebaseio.com/cli.json {"cloudBuildErrorAfter":1594252800000,"cloudBuildWarnAfter":1590019200000,"defaultNode10After":1594252800000,"minVersion":"3.0.5","node8DeploysDisabledAfter":1613390400000,"node8RuntimeDisabledAfter":1615809600000,"node8WarnAfter":1600128000000}
[debug] [2026-07-02T17:26:21.245Z] <<< [apiv2][status] POST https://cloudresourcemanager.googleapis.com/v1/projects/agendafamiliar-d9d7a:testIamPermissions 200
[debug] [2026-07-02T17:26:21.245Z] <<< [apiv2][body] POST https://cloudresourcemanager.googleapis.com/v1/projects/agendafamiliar-d9d7a:testIamPermissions {"permissions":["cloudfunctions.functions.create","cloudfunctions.functions.delete","cloudfunctions.functions.get","cloudfunctions.functions.list","cloudfunctions.functions.update","cloudfunctions.operations.get","firebase.projects.get","firebasedatabase.instances.update"]}
[debug] [2026-07-02T17:26:21.246Z] Checked if tokens are valid: true, expires at: 1783016779125
[debug] [2026-07-02T17:26:21.246Z] Checked if tokens are valid: true, expires at: 1783016779125
[debug] [2026-07-02T17:26:21.246Z] >>> [apiv2][query] POST https://iam.googleapis.com/v1/projects/agendafamiliar-d9d7a/serviceAccounts/agendafamiliar-d9d7a@appspot.gserviceaccount.com:testIamPermissions [none]
[debug] [2026-07-02T17:26:21.247Z] >>> [apiv2][body] POST https://iam.googleapis.com/v1/projects/agendafamiliar-d9d7a/serviceAccounts/agendafamiliar-d9d7a@appspot.gserviceaccount.com:testIamPermissions {"permissions":["iam.serviceAccounts.actAs"]}
[debug] [2026-07-02T17:26:22.291Z] <<< [apiv2][status] POST https://iam.googleapis.com/v1/projects/agendafamiliar-d9d7a/serviceAccounts/agendafamiliar-d9d7a@appspot.gserviceaccount.com:testIamPermissions 404
[debug] [2026-07-02T17:26:22.292Z] <<< [apiv2][body] POST https://iam.googleapis.com/v1/projects/agendafamiliar-d9d7a/serviceAccounts/agendafamiliar-d9d7a@appspot.gserviceaccount.com:testIamPermissions {"error":{"code":404,"message":"Unknown service account","status":"NOT_FOUND"}}
[debug] [2026-07-02T17:26:22.293Z] [functions] service account IAM check errored, deploy may fail: Request to https://iam.googleapis.com/v1/projects/agendafamiliar-d9d7a/serviceAccounts/agendafamiliar-d9d7a@appspot.gserviceaccount.com:testIamPermissions had HTTP Error: 404, Unknown service account {"name":"FirebaseError","children":[],"context":{"body":{"error":{"code":404,"message":"Unknown service account","status":"NOT_FOUND"}},"response":{"statusCode":404}},"exit":1,"message":"Request to https://iam.googleapis.com/v1/projects/agendafamiliar-d9d7a/serviceAccounts/agendafamiliar-d9d7a@appspot.gserviceaccount.com:testIamPermissions had HTTP Error: 404, Unknown service account","status":404}
[debug] [2026-07-02T17:26:22.294Z] Checked if tokens are valid: true, expires at: 1783016779125
[debug] [2026-07-02T17:26:22.295Z] Checked if tokens are valid: true, expires at: 1783016779125
[debug] [2026-07-02T17:26:22.295Z] >>> [apiv2][query] GET https://firebase.googleapis.com/v1beta1/projects/agendafamiliar-d9d7a [none]
[debug] [2026-07-02T17:26:22.654Z] <<< [apiv2][status] GET https://firebase.googleapis.com/v1beta1/projects/agendafamiliar-d9d7a 200
[debug] [2026-07-02T17:26:22.654Z] <<< [apiv2][body] GET https://firebase.googleapis.com/v1beta1/projects/agendafamiliar-d9d7a {"projectId":"agendafamiliar-d9d7a","projectNumber":"284635242942","displayName":"AgendaFamiliar","name":"projects/agendafamiliar-d9d7a","resources":{"hostingSite":"agendafamiliar-d9d7a","realtimeDatabaseInstance":"agendafamiliar-d9d7a-default-rtdb"},"state":"ACTIVE","labels":{"firebase":"enabled"},"etag":"1_77616af2-dba6-4a91-907b-d9151b357eb3"}
[info] 
[info] === Deploying to 'agendafamiliar-d9d7a'...
[info] 
[info] i  deploying database, functions 
[info] i  database: checking rules syntax... 
[debug] [2026-07-02T17:26:22.661Z] Checked if tokens are valid: true, expires at: 1783016779125
[debug] [2026-07-02T17:26:22.661Z] Checked if tokens are valid: true, expires at: 1783016779125
[debug] [2026-07-02T17:26:22.661Z] >>> [apiv2][query] GET https://firebasedatabase.googleapis.com/v1beta/projects/agendafamiliar-d9d7a/locations/-/instances/agendafamiliar-d9d7a-default-rtdb [none]
[debug] [2026-07-02T17:26:23.920Z] <<< [apiv2][status] GET https://firebasedatabase.googleapis.com/v1beta/projects/agendafamiliar-d9d7a/locations/-/instances/agendafamiliar-d9d7a-default-rtdb 200
[debug] [2026-07-02T17:26:23.921Z] <<< [apiv2][body] GET https://firebasedatabase.googleapis.com/v1beta/projects/agendafamiliar-d9d7a/locations/-/instances/agendafamiliar-d9d7a-default-rtdb {"name":"projects/284635242942/locations/us-central1/instances/agendafamiliar-d9d7a-default-rtdb","project":"projects/284635242942","databaseUrl":"https://agendafamiliar-d9d7a-default-rtdb.firebaseio.com","type":"DEFAULT_DATABASE","state":"ACTIVE"}
[debug] [2026-07-02T17:26:23.922Z] Checked if tokens are valid: true, expires at: 1783016779125
[debug] [2026-07-02T17:26:23.922Z] Checked if tokens are valid: true, expires at: 1783016779125
[debug] [2026-07-02T17:26:23.922Z] >>> [apiv2][query] PUT https://agendafamiliar-d9d7a-default-rtdb.firebaseio.com/.settings/rules.json dryRun=true
[debug] [2026-07-02T17:26:23.922Z] >>> [apiv2][body] PUT https://agendafamiliar-d9d7a-default-rtdb.firebaseio.com/.settings/rules.json "{\n  \"rules\": {\n    \"users\": { \".read\": true, \".write\": true },\n    \"events\": { \".read\": true, \".write\": true },\n    \"messages\": { \".read\": true, \".write\": true },\n    \"notified\": { \".read\": false, \".write\": false }\n  }\n}\n"
[debug] [2026-07-02T17:26:24.413Z] <<< [apiv2][status] PUT https://agendafamiliar-d9d7a-default-rtdb.firebaseio.com/.settings/rules.json 200
[debug] [2026-07-02T17:26:24.413Z] <<< [apiv2][body] PUT https://agendafamiliar-d9d7a-default-rtdb.firebaseio.com/.settings/rules.json {"status":"ok"}
[info] +  database: rules syntax for database agendafamiliar-d9d7a-default-rtdb is valid 
[debug] [2026-07-02T17:26:24.417Z] Checked if tokens are valid: true, expires at: 1783016779125
[debug] [2026-07-02T17:26:24.418Z] Checked if tokens are valid: true, expires at: 1783016779125
[debug] [2026-07-02T17:26:24.418Z] >>> [apiv2][query] GET https://serviceusage.googleapis.com/v1/projects/agendafamiliar-d9d7a/services/cloudresourcemanager.googleapis.com [none]
[debug] [2026-07-02T17:26:24.418Z] >>> [apiv2][(partial)header] GET https://serviceusage.googleapis.com/v1/projects/agendafamiliar-d9d7a/services/cloudresourcemanager.googleapis.com  x-goog-user-project=agendafamiliar-d9d7a
[debug] [2026-07-02T17:26:25.669Z] <<< [apiv2][status] GET https://serviceusage.googleapis.com/v1/projects/agendafamiliar-d9d7a/services/cloudresourcemanager.googleapis.com 200
[debug] [2026-07-02T17:26:25.670Z] <<< [apiv2][body] GET https://serviceusage.googleapis.com/v1/projects/agendafamiliar-d9d7a/services/cloudresourcemanager.googleapis.com [omitted]
[debug] [2026-07-02T17:26:25.678Z] Checked if tokens are valid: true, expires at: 1783016779125
[debug] [2026-07-02T17:26:25.678Z] Checked if tokens are valid: true, expires at: 1783016779125
[debug] [2026-07-02T17:26:25.679Z] >>> [apiv2][query] GET https://cloudresourcemanager.googleapis.com/v1/projects/agendafamiliar-d9d7a [none]
[debug] [2026-07-02T17:26:25.934Z] <<< [apiv2][status] GET https://cloudresourcemanager.googleapis.com/v1/projects/agendafamiliar-d9d7a 200
[debug] [2026-07-02T17:26:25.934Z] <<< [apiv2][body] GET https://cloudresourcemanager.googleapis.com/v1/projects/agendafamiliar-d9d7a {"projectNumber":"284635242942","projectId":"agendafamiliar-d9d7a","lifecycleState":"ACTIVE","name":"AgendaFamiliar","labels":{"firebase":"enabled","firebase-core":"disabled"},"createTime":"2026-07-02T14:22:10.019Z"}
[info] i  functions: preparing codebase default for deployment 
[info] i  functions: ensuring required API cloudfunctions.googleapis.com is enabled... 
[debug] [2026-07-02T17:26:25.938Z] Checked if tokens are valid: true, expires at: 1783016779125
[debug] [2026-07-02T17:26:25.938Z] Checked if tokens are valid: true, expires at: 1783016779125
[debug] [2026-07-02T17:26:25.939Z] Checked if tokens are valid: true, expires at: 1783016779125
[debug] [2026-07-02T17:26:25.939Z] Checked if tokens are valid: true, expires at: 1783016779125
[info] i  functions: ensuring required API cloudbuild.googleapis.com is enabled... 
[debug] [2026-07-02T17:26:25.941Z] Checked if tokens are valid: true, expires at: 1783016779125
[debug] [2026-07-02T17:26:25.941Z] Checked if tokens are valid: true, expires at: 1783016779125
[info] i  artifactregistry: ensuring required API artifactregistry.googleapis.com is enabled... 
[debug] [2026-07-02T17:26:25.943Z] Checked if tokens are valid: true, expires at: 1783016779125
[debug] [2026-07-02T17:26:25.943Z] Checked if tokens are valid: true, expires at: 1783016779125
[debug] [2026-07-02T17:26:25.943Z] >>> [apiv2][query] GET https://serviceusage.googleapis.com/v1/projects/agendafamiliar-d9d7a/services/cloudfunctions.googleapis.com [none]
[debug] [2026-07-02T17:26:25.944Z] >>> [apiv2][(partial)header] GET https://serviceusage.googleapis.com/v1/projects/agendafamiliar-d9d7a/services/cloudfunctions.googleapis.com  x-goog-user-project=agendafamiliar-d9d7a
[debug] [2026-07-02T17:26:25.945Z] >>> [apiv2][query] GET https://serviceusage.googleapis.com/v1/projects/agendafamiliar-d9d7a/services/runtimeconfig.googleapis.com [none]
[debug] [2026-07-02T17:26:25.945Z] >>> [apiv2][(partial)header] GET https://serviceusage.googleapis.com/v1/projects/agendafamiliar-d9d7a/services/runtimeconfig.googleapis.com  x-goog-user-project=agendafamiliar-d9d7a
[debug] [2026-07-02T17:26:25.948Z] >>> [apiv2][query] GET https://serviceusage.googleapis.com/v1/projects/agendafamiliar-d9d7a/services/cloudbuild.googleapis.com [none]
[debug] [2026-07-02T17:26:25.948Z] >>> [apiv2][(partial)header] GET https://serviceusage.googleapis.com/v1/projects/agendafamiliar-d9d7a/services/cloudbuild.googleapis.com  x-goog-user-project=agendafamiliar-d9d7a
[debug] [2026-07-02T17:26:25.950Z] >>> [apiv2][query] GET https://serviceusage.googleapis.com/v1/projects/agendafamiliar-d9d7a/services/artifactregistry.googleapis.com [none]
[debug] [2026-07-02T17:26:25.950Z] >>> [apiv2][(partial)header] GET https://serviceusage.googleapis.com/v1/projects/agendafamiliar-d9d7a/services/artifactregistry.googleapis.com  x-goog-user-project=agendafamiliar-d9d7a
[debug] [2026-07-02T17:26:27.140Z] <<< [apiv2][status] GET https://serviceusage.googleapis.com/v1/projects/agendafamiliar-d9d7a/services/runtimeconfig.googleapis.com 200
[debug] [2026-07-02T17:26:27.140Z] <<< [apiv2][body] GET https://serviceusage.googleapis.com/v1/projects/agendafamiliar-d9d7a/services/runtimeconfig.googleapis.com [omitted]
[debug] [2026-07-02T17:26:27.149Z] <<< [apiv2][status] GET https://serviceusage.googleapis.com/v1/projects/agendafamiliar-d9d7a/services/cloudfunctions.googleapis.com 200
[debug] [2026-07-02T17:26:27.149Z] <<< [apiv2][body] GET https://serviceusage.googleapis.com/v1/projects/agendafamiliar-d9d7a/services/cloudfunctions.googleapis.com [omitted]
[warn] !  functions: missing required API cloudfunctions.googleapis.com. Enabling now... 
[debug] [2026-07-02T17:26:27.150Z] Checked if tokens are valid: true, expires at: 1783016779125
[debug] [2026-07-02T17:26:27.150Z] Checked if tokens are valid: true, expires at: 1783016779125
[debug] [2026-07-02T17:26:27.150Z] >>> [apiv2][query] POST https://serviceusage.googleapis.com/v1/projects/agendafamiliar-d9d7a/services/cloudfunctions.googleapis.com:enable [none]
[debug] [2026-07-02T17:26:27.150Z] >>> [apiv2][(partial)header] POST https://serviceusage.googleapis.com/v1/projects/agendafamiliar-d9d7a/services/cloudfunctions.googleapis.com:enable  x-goog-user-project=agendafamiliar-d9d7a
[debug] [2026-07-02T17:26:27.153Z] <<< [apiv2][status] GET https://serviceusage.googleapis.com/v1/projects/agendafamiliar-d9d7a/services/cloudbuild.googleapis.com 200
[debug] [2026-07-02T17:26:27.153Z] <<< [apiv2][body] GET https://serviceusage.googleapis.com/v1/projects/agendafamiliar-d9d7a/services/cloudbuild.googleapis.com [omitted]
[warn] !  functions: missing required API cloudbuild.googleapis.com. Enabling now... 
[debug] [2026-07-02T17:26:27.153Z] Checked if tokens are valid: true, expires at: 1783016779125
[debug] [2026-07-02T17:26:27.153Z] Checked if tokens are valid: true, expires at: 1783016779125
[debug] [2026-07-02T17:26:27.153Z] >>> [apiv2][query] POST https://serviceusage.googleapis.com/v1/projects/agendafamiliar-d9d7a/services/cloudbuild.googleapis.com:enable [none]
[debug] [2026-07-02T17:26:27.154Z] >>> [apiv2][(partial)header] POST https://serviceusage.googleapis.com/v1/projects/agendafamiliar-d9d7a/services/cloudbuild.googleapis.com:enable  x-goog-user-project=agendafamiliar-d9d7a
[debug] [2026-07-02T17:26:27.185Z] <<< [apiv2][status] GET https://serviceusage.googleapis.com/v1/projects/agendafamiliar-d9d7a/services/artifactregistry.googleapis.com 200
[debug] [2026-07-02T17:26:27.185Z] <<< [apiv2][body] GET https://serviceusage.googleapis.com/v1/projects/agendafamiliar-d9d7a/services/artifactregistry.googleapis.com [omitted]
[warn] !  artifactregistry: missing required API artifactregistry.googleapis.com. Enabling now... 
[debug] [2026-07-02T17:26:27.186Z] Checked if tokens are valid: true, expires at: 1783016779125
[debug] [2026-07-02T17:26:27.186Z] Checked if tokens are valid: true, expires at: 1783016779125
[debug] [2026-07-02T17:26:27.186Z] >>> [apiv2][query] POST https://serviceusage.googleapis.com/v1/projects/agendafamiliar-d9d7a/services/artifactregistry.googleapis.com:enable [none]
[debug] [2026-07-02T17:26:27.186Z] >>> [apiv2][(partial)header] POST https://serviceusage.googleapis.com/v1/projects/agendafamiliar-d9d7a/services/artifactregistry.googleapis.com:enable  x-goog-user-project=agendafamiliar-d9d7a
[debug] [2026-07-02T17:26:27.824Z] <<< [apiv2][status] POST https://serviceusage.googleapis.com/v1/projects/agendafamiliar-d9d7a/services/cloudfunctions.googleapis.com:enable 200
[debug] [2026-07-02T17:26:27.824Z] <<< [apiv2][body] POST https://serviceusage.googleapis.com/v1/projects/agendafamiliar-d9d7a/services/cloudfunctions.googleapis.com:enable [omitted]
[debug] [2026-07-02T17:26:28.620Z] <<< [apiv2][status] POST https://serviceusage.googleapis.com/v1/projects/agendafamiliar-d9d7a/services/cloudbuild.googleapis.com:enable 200
[debug] [2026-07-02T17:26:28.620Z] <<< [apiv2][body] POST https://serviceusage.googleapis.com/v1/projects/agendafamiliar-d9d7a/services/cloudbuild.googleapis.com:enable [omitted]
[debug] [2026-07-02T17:26:28.702Z] <<< [apiv2][status] POST https://serviceusage.googleapis.com/v1/projects/agendafamiliar-d9d7a/services/artifactregistry.googleapis.com:enable 200
[debug] [2026-07-02T17:26:28.702Z] <<< [apiv2][body] POST https://serviceusage.googleapis.com/v1/projects/agendafamiliar-d9d7a/services/artifactregistry.googleapis.com:enable [omitted]
[debug] [2026-07-02T17:26:38.713Z] Checked if tokens are valid: true, expires at: 1783016779125
[debug] [2026-07-02T17:26:38.713Z] Checked if tokens are valid: true, expires at: 1783016779125
[debug] [2026-07-02T17:26:38.714Z] >>> [apiv2][query] GET https://firebase.googleapis.com/v1beta1/projects/agendafamiliar-d9d7a/adminSdkConfig [none]
[debug] [2026-07-02T17:26:39.085Z] <<< [apiv2][status] GET https://firebase.googleapis.com/v1beta1/projects/agendafamiliar-d9d7a/adminSdkConfig 200
[debug] [2026-07-02T17:26:39.086Z] <<< [apiv2][body] GET https://firebase.googleapis.com/v1beta1/projects/agendafamiliar-d9d7a/adminSdkConfig {"projectId":"agendafamiliar-d9d7a","databaseURL":"https://agendafamiliar-d9d7a-default-rtdb.firebaseio.com","storageBucket":"agendafamiliar-d9d7a.firebasestorage.app"}
[debug] [2026-07-02T17:26:39.086Z] Checked if tokens are valid: true, expires at: 1783016779125
[debug] [2026-07-02T17:26:39.087Z] Checked if tokens are valid: true, expires at: 1783016779125
[debug] [2026-07-02T17:26:39.087Z] >>> [apiv2][query] GET https://runtimeconfig.googleapis.com/v1beta1/projects/agendafamiliar-d9d7a/configs [none]
[debug] [2026-07-02T17:26:39.680Z] <<< [apiv2][status] GET https://runtimeconfig.googleapis.com/v1beta1/projects/agendafamiliar-d9d7a/configs 200
[debug] [2026-07-02T17:26:39.680Z] <<< [apiv2][body] GET https://runtimeconfig.googleapis.com/v1beta1/projects/agendafamiliar-d9d7a/configs {}
[debug] [2026-07-02T17:26:39.682Z] Validating nodejs source
[warn] !  functions: Runtime Node.js 20 was deprecated on 2026-04-30 and will be decommissioned on 2026-10-30, after which you will not be able to deploy without upgrading. Consider upgrading now to avoid disruption. See https://cloud.google.com/functions/docs/runtime-support for full details on the lifecycle policy 
[warn] !  functions: Couldn't find firebase-functions package in your source code. Have you run 'npm install'? 
[debug] [2026-07-02T17:26:39.686Z] getFunctionsSDKVersion encountered error: Cannot find module 'firebase-functions'
Require stack:
- C:\Users\alero\AppData\Roaming\npm\node_modules\firebase-tools\lib\deploy\functions\runtimes\node\versioning.js
- C:\Users\alero\AppData\Roaming\npm\node_modules\firebase-tools\lib\deploy\functions\runtimes\node\index.js
- C:\Users\alero\AppData\Roaming\npm\node_modules\firebase-tools\lib\deploy\functions\runtimes\index.js
- C:\Users\alero\AppData\Roaming\npm\node_modules\firebase-tools\lib\deploy\functions\prepare.js
- C:\Users\alero\AppData\Roaming\npm\node_modules\firebase-tools\lib\emulator\functionsEmulatorShared.js
- C:\Users\alero\AppData\Roaming\npm\node_modules\firebase-tools\lib\frameworks\index.js
- C:\Users\alero\AppData\Roaming\npm\node_modules\firebase-tools\lib\deploy\hosting\prepare.js
- C:\Users\alero\AppData\Roaming\npm\node_modules\firebase-tools\lib\deploy\hosting\index.js
- C:\Users\alero\AppData\Roaming\npm\node_modules\firebase-tools\lib\deploy\index.js
- C:\Users\alero\AppData\Roaming\npm\node_modules\firebase-tools\lib\commands\deploy.js
- C:\Users\alero\AppData\Roaming\npm\node_modules\firebase-tools\lib\commands\index.js
- C:\Users\alero\AppData\Roaming\npm\node_modules\firebase-tools\lib\index.js
- C:\Users\alero\AppData\Roaming\npm\node_modules\firebase-tools\lib\bin\cli.js
- C:\Users\alero\AppData\Roaming\npm\node_modules\firebase-tools\lib\bin\firebase.js {"code":"MODULE_NOT_FOUND","requireStack":["C:\\Users\\alero\\AppData\\Roaming\\npm\\node_modules\\firebase-tools\\lib\\deploy\\functions\\runtimes\\node\\versioning.js","C:\\Users\\alero\\AppData\\Roaming\\npm\\node_modules\\firebase-tools\\lib\\deploy\\functions\\runtimes\\node\\index.js","C:\\Users\\alero\\AppData\\Roaming\\npm\\node_modules\\firebase-tools\\lib\\deploy\\functions\\runtimes\\index.js","C:\\Users\\alero\\AppData\\Roaming\\npm\\node_modules\\firebase-tools\\lib\\deploy\\functions\\prepare.js","C:\\Users\\alero\\AppData\\Roaming\\npm\\node_modules\\firebase-tools\\lib\\emulator\\functionsEmulatorShared.js","C:\\Users\\alero\\AppData\\Roaming\\npm\\node_modules\\firebase-tools\\lib\\frameworks\\index.js","C:\\Users\\alero\\AppData\\Roaming\\npm\\node_modules\\firebase-tools\\lib\\deploy\\hosting\\prepare.js","C:\\Users\\alero\\AppData\\Roaming\\npm\\node_modules\\firebase-tools\\lib\\deploy\\hosting\\index.js","C:\\Users\\alero\\AppData\\Roaming\\npm\\node_modules\\firebase-tools\\lib\\deploy\\index.js","C:\\Users\\alero\\AppData\\Roaming\\npm\\node_modules\\firebase-tools\\lib\\commands\\deploy.js","C:\\Users\\alero\\AppData\\Roaming\\npm\\node_modules\\firebase-tools\\lib\\commands\\index.js","C:\\Users\\alero\\AppData\\Roaming\\npm\\node_modules\\firebase-tools\\lib\\index.js","C:\\Users\\alero\\AppData\\Roaming\\npm\\node_modules\\firebase-tools\\lib\\bin\\cli.js","C:\\Users\\alero\\AppData\\Roaming\\npm\\node_modules\\firebase-tools\\lib\\bin\\firebase.js"]}
[debug] [2026-07-02T17:26:39.687Z] checkFunctionsSDKVersion encountered error: Invalid Version:  {}
[debug] [2026-07-02T17:26:39.701Z] > [functions] package.json contents: {
  "name": "agendafamiliar-functions",
  "description": "Cloud Functions para enviar recordatorios push (FCM) de AgendaFamiliar",
  "main": "index.js",
  "engines": {
    "node": "20"
  },
  "dependencies": {
    "firebase-admin": "^12.6.0",
    "firebase-functions": "^5.1.1"
  },
  "private": true
}
[debug] [2026-07-02T17:26:39.702Z] Building nodejs source
[info] i  functions: Loading and analyzing source code for codebase default to determine what to deploy 
[debug] [2026-07-02T17:26:39.703Z] Could not parse firebase-functions version '' into semver.
[debug] [2026-07-02T17:26:39.705Z] Could not find functions.yaml. Must use http discovery
[debug] [2026-07-02T17:26:39.800Z] Error: Cannot find module 'firebase-functions'
Require stack:
- C:\Users\alero\AppData\Roaming\npm\node_modules\firebase-tools\lib\deploy\functions\runtimes\node\index.js
- C:\Users\alero\AppData\Roaming\npm\node_modules\firebase-tools\lib\deploy\functions\runtimes\index.js
- C:\Users\alero\AppData\Roaming\npm\node_modules\firebase-tools\lib\deploy\functions\prepare.js
- C:\Users\alero\AppData\Roaming\npm\node_modules\firebase-tools\lib\emulator\functionsEmulatorShared.js
- C:\Users\alero\AppData\Roaming\npm\node_modules\firebase-tools\lib\frameworks\index.js
- C:\Users\alero\AppData\Roaming\npm\node_modules\firebase-tools\lib\deploy\hosting\prepare.js
- C:\Users\alero\AppData\Roaming\npm\node_modules\firebase-tools\lib\deploy\hosting\index.js
- C:\Users\alero\AppData\Roaming\npm\node_modules\firebase-tools\lib\deploy\index.js
- C:\Users\alero\AppData\Roaming\npm\node_modules\firebase-tools\lib\commands\deploy.js
- C:\Users\alero\AppData\Roaming\npm\node_modules\firebase-tools\lib\commands\index.js
- C:\Users\alero\AppData\Roaming\npm\node_modules\firebase-tools\lib\index.js
- C:\Users\alero\AppData\Roaming\npm\node_modules\firebase-tools\lib\bin\cli.js
- C:\Users\alero\AppData\Roaming\npm\node_modules\firebase-tools\lib\bin\firebase.js
    at Function._resolveFilename (node:internal/modules/cjs/loader:1401:15)
    at Function.resolve (node:internal/modules/helpers:145:19)
    at Delegate.findFunctionsBinary (C:\Users\alero\AppData\Roaming\npm\node_modules\firebase-tools\lib\deploy\functions\runtimes\node\index.js:101:33)
    at Delegate.spawnFunctionsProcess (C:\Users\alero\AppData\Roaming\npm\node_modules\firebase-tools\lib\deploy\functions\runtimes\node\index.js:131:30)
    at Delegate.serveAdmin (C:\Users\alero\AppData\Roaming\npm\node_modules\firebase-tools\lib\deploy\functions\runtimes\node\index.js:152:35)
    at Delegate.discoverBuild (C:\Users\alero\AppData\Roaming\npm\node_modules\firebase-tools\lib\deploy\functions\runtimes\node\index.js:192:41)
    at process.processTicksAndRejections (node:internal/process/task_queues:105:5)
    at async loadCodebases (C:\Users\alero\AppData\Roaming\npm\node_modules\firebase-tools\lib\deploy\functions\prepare.js:393:33)
    at async prepare (C:\Users\alero\AppData\Roaming\npm\node_modules\firebase-tools\lib\deploy\functions\prepare.js:74:24)
    at async chain (C:\Users\alero\AppData\Roaming\npm\node_modules\firebase-tools\lib\deploy\index.js:45:9)
[error] 
[error] Error: An unexpected error has occurred.
[debug] [2026-07-02T17:26:47.787Z] ----------------------------------------------------------------------
[debug] [2026-07-02T17:26:47.791Z] Command:       C:\Program Files\nodejs\node.exe C:\Users\alero\AppData\Roaming\npm\node_modules\firebase-tools\lib\bin\firebase.js deploy --only functions database
[debug] [2026-07-02T17:26:47.792Z] CLI Version:   15.22.4
[debug] [2026-07-02T17:26:47.792Z] Platform:      win32
[debug] [2026-07-02T17:26:47.792Z] Node Version:  v22.16.0
[debug] [2026-07-02T17:26:47.793Z] Detected Agent: unknown
[debug] [2026-07-02T17:26:47.793Z] Time:          Thu Jul 02 2026 14:26:47 GMT-0300 (hora estándar de Argentina)
[debug] [2026-07-02T17:26:47.794Z] ----------------------------------------------------------------------
[debug] 
[debug] [2026-07-02T17:26:52.788Z] > command requires scopes: ["email","openid","https://www.googleapis.com/auth/cloudplatformprojects.readonly","https://www.googleapis.com/auth/firebase","https://www.googleapis.com/auth/cloud-platform"]
[debug] [2026-07-02T17:26:52.788Z] > authorizing via signed-in user (aleromer8@gmail.com)
[debug] [2026-07-02T17:26:52.788Z] [iam] checking project agendafamiliar-d9d7a for permissions ["cloudfunctions.functions.create","cloudfunctions.functions.delete","cloudfunctions.functions.get","cloudfunctions.functions.list","cloudfunctions.functions.update","cloudfunctions.operations.get","firebase.projects.get","firebasedatabase.instances.update"]
[debug] [2026-07-02T17:26:52.791Z] Checked if tokens are valid: true, expires at: 1783016779125
[debug] [2026-07-02T17:26:52.791Z] Checked if tokens are valid: true, expires at: 1783016779125
[debug] [2026-07-02T17:26:52.793Z] >>> [apiv2][query] POST https://cloudresourcemanager.googleapis.com/v1/projects/agendafamiliar-d9d7a:testIamPermissions [none]
[debug] [2026-07-02T17:26:52.794Z] >>> [apiv2][(partial)header] POST https://cloudresourcemanager.googleapis.com/v1/projects/agendafamiliar-d9d7a:testIamPermissions  x-goog-user-project=agendafamiliar-d9d7a
[debug] [2026-07-02T17:26:52.794Z] >>> [apiv2][body] POST https://cloudresourcemanager.googleapis.com/v1/projects/agendafamiliar-d9d7a:testIamPermissions {"permissions":["cloudfunctions.functions.create","cloudfunctions.functions.delete","cloudfunctions.functions.get","cloudfunctions.functions.list","cloudfunctions.functions.update","cloudfunctions.operations.get","firebase.projects.get","firebasedatabase.instances.update"]}
[debug] [2026-07-02T17:26:54.141Z] <<< [apiv2][status] POST https://cloudresourcemanager.googleapis.com/v1/projects/agendafamiliar-d9d7a:testIamPermissions 200
[debug] [2026-07-02T17:26:54.141Z] <<< [apiv2][body] POST https://cloudresourcemanager.googleapis.com/v1/projects/agendafamiliar-d9d7a:testIamPermissions {"permissions":["cloudfunctions.functions.create","cloudfunctions.functions.delete","cloudfunctions.functions.get","cloudfunctions.functions.list","cloudfunctions.functions.update","cloudfunctions.operations.get","firebase.projects.get","firebasedatabase.instances.update"]}
[debug] [2026-07-02T17:26:54.142Z] Checked if tokens are valid: true, expires at: 1783016779125
[debug] [2026-07-02T17:26:54.142Z] Checked if tokens are valid: true, expires at: 1783016779125
[debug] [2026-07-02T17:26:54.142Z] >>> [apiv2][query] POST https://iam.googleapis.com/v1/projects/agendafamiliar-d9d7a/serviceAccounts/agendafamiliar-d9d7a@appspot.gserviceaccount.com:testIamPermissions [none]
[debug] [2026-07-02T17:26:54.142Z] >>> [apiv2][body] POST https://iam.googleapis.com/v1/projects/agendafamiliar-d9d7a/serviceAccounts/agendafamiliar-d9d7a@appspot.gserviceaccount.com:testIamPermissions {"permissions":["iam.serviceAccounts.actAs"]}
[debug] [2026-07-02T17:26:55.197Z] <<< [apiv2][status] POST https://iam.googleapis.com/v1/projects/agendafamiliar-d9d7a/serviceAccounts/agendafamiliar-d9d7a@appspot.gserviceaccount.com:testIamPermissions 200
[debug] [2026-07-02T17:26:55.197Z] <<< [apiv2][body] POST https://iam.googleapis.com/v1/projects/agendafamiliar-d9d7a/serviceAccounts/agendafamiliar-d9d7a@appspot.gserviceaccount.com:testIamPermissions {"permissions":["iam.serviceAccounts.actAs"]}
[debug] [2026-07-02T17:26:55.198Z] Checked if tokens are valid: true, expires at: 1783016779125
[debug] [2026-07-02T17:26:55.198Z] Checked if tokens are valid: true, expires at: 1783016779125
[debug] [2026-07-02T17:26:55.199Z] >>> [apiv2][query] GET https://firebase.googleapis.com/v1beta1/projects/agendafamiliar-d9d7a [none]
[debug] [2026-07-02T17:26:55.775Z] <<< [apiv2][status] GET https://firebase.googleapis.com/v1beta1/projects/agendafamiliar-d9d7a 200
[debug] [2026-07-02T17:26:55.775Z] <<< [apiv2][body] GET https://firebase.googleapis.com/v1beta1/projects/agendafamiliar-d9d7a {"projectId":"agendafamiliar-d9d7a","projectNumber":"284635242942","displayName":"AgendaFamiliar","name":"projects/agendafamiliar-d9d7a","resources":{"hostingSite":"agendafamiliar-d9d7a","realtimeDatabaseInstance":"agendafamiliar-d9d7a-default-rtdb"},"state":"ACTIVE","labels":{"firebase":"enabled"},"etag":"1_69e70e75-1ead-4494-8ca1-1a840c0e2291"}
[info] 
[info] === Deploying to 'agendafamiliar-d9d7a'...
[info] 
[info] i  deploying database, functions 
[info] i  database: checking rules syntax... 
[debug] [2026-07-02T17:26:55.782Z] Checked if tokens are valid: true, expires at: 1783016779125
[debug] [2026-07-02T17:26:55.782Z] Checked if tokens are valid: true, expires at: 1783016779125
[debug] [2026-07-02T17:26:55.783Z] >>> [apiv2][query] GET https://firebasedatabase.googleapis.com/v1beta/projects/agendafamiliar-d9d7a/locations/-/instances/agendafamiliar-d9d7a-default-rtdb [none]
[debug] [2026-07-02T17:26:56.964Z] <<< [apiv2][status] GET https://firebasedatabase.googleapis.com/v1beta/projects/agendafamiliar-d9d7a/locations/-/instances/agendafamiliar-d9d7a-default-rtdb 200
[debug] [2026-07-02T17:26:56.964Z] <<< [apiv2][body] GET https://firebasedatabase.googleapis.com/v1beta/projects/agendafamiliar-d9d7a/locations/-/instances/agendafamiliar-d9d7a-default-rtdb {"name":"projects/284635242942/locations/us-central1/instances/agendafamiliar-d9d7a-default-rtdb","project":"projects/284635242942","databaseUrl":"https://agendafamiliar-d9d7a-default-rtdb.firebaseio.com","type":"DEFAULT_DATABASE","state":"ACTIVE"}
[debug] [2026-07-02T17:26:56.965Z] Checked if tokens are valid: true, expires at: 1783016779125
[debug] [2026-07-02T17:26:56.966Z] Checked if tokens are valid: true, expires at: 1783016779125
[debug] [2026-07-02T17:26:56.966Z] >>> [apiv2][query] PUT https://agendafamiliar-d9d7a-default-rtdb.firebaseio.com/.settings/rules.json dryRun=true
[debug] [2026-07-02T17:26:56.966Z] >>> [apiv2][body] PUT https://agendafamiliar-d9d7a-default-rtdb.firebaseio.com/.settings/rules.json "{\n  \"rules\": {\n    \"users\": { \".read\": true, \".write\": true },\n    \"events\": { \".read\": true, \".write\": true },\n    \"messages\": { \".read\": true, \".write\": true },\n    \"notified\": { \".read\": false, \".write\": false }\n  }\n}\n"
[debug] [2026-07-02T17:26:57.387Z] <<< [apiv2][status] PUT https://agendafamiliar-d9d7a-default-rtdb.firebaseio.com/.settings/rules.json 200
[debug] [2026-07-02T17:26:57.387Z] <<< [apiv2][body] PUT https://agendafamiliar-d9d7a-default-rtdb.firebaseio.com/.settings/rules.json {"status":"ok"}
[info] +  database: rules syntax for database agendafamiliar-d9d7a-default-rtdb is valid 
[debug] [2026-07-02T17:26:57.391Z] Checked if tokens are valid: true, expires at: 1783016779125
[debug] [2026-07-02T17:26:57.391Z] Checked if tokens are valid: true, expires at: 1783016779125
[debug] [2026-07-02T17:26:57.391Z] >>> [apiv2][query] GET https://cloudresourcemanager.googleapis.com/v1/projects/agendafamiliar-d9d7a [none]
[debug] [2026-07-02T17:26:57.650Z] <<< [apiv2][status] GET https://cloudresourcemanager.googleapis.com/v1/projects/agendafamiliar-d9d7a 200
[debug] [2026-07-02T17:26:57.650Z] <<< [apiv2][body] GET https://cloudresourcemanager.googleapis.com/v1/projects/agendafamiliar-d9d7a {"projectNumber":"284635242942","projectId":"agendafamiliar-d9d7a","lifecycleState":"ACTIVE","name":"AgendaFamiliar","labels":{"firebase":"enabled","firebase-core":"disabled"},"createTime":"2026-07-02T14:22:10.019Z"}
[info] i  functions: preparing codebase default for deployment 
[info] i  functions: ensuring required API cloudfunctions.googleapis.com is enabled... 
[info] i  functions: ensuring required API cloudbuild.googleapis.com is enabled... 
[info] i  artifactregistry: ensuring required API artifactregistry.googleapis.com is enabled... 
[debug] [2026-07-02T17:26:57.658Z] Checked if tokens are valid: true, expires at: 1783016779125
[debug] [2026-07-02T17:26:57.658Z] Checked if tokens are valid: true, expires at: 1783016779125
[debug] [2026-07-02T17:26:57.658Z] >>> [apiv2][query] GET https://firebase.googleapis.com/v1beta1/projects/agendafamiliar-d9d7a/adminSdkConfig [none]
[debug] [2026-07-02T17:26:57.966Z] <<< [apiv2][status] GET https://firebase.googleapis.com/v1beta1/projects/agendafamiliar-d9d7a/adminSdkConfig 200
[debug] [2026-07-02T17:26:57.966Z] <<< [apiv2][body] GET https://firebase.googleapis.com/v1beta1/projects/agendafamiliar-d9d7a/adminSdkConfig {"projectId":"agendafamiliar-d9d7a","databaseURL":"https://agendafamiliar-d9d7a-default-rtdb.firebaseio.com","storageBucket":"agendafamiliar-d9d7a.firebasestorage.app"}
[debug] [2026-07-02T17:26:57.967Z] Checked if tokens are valid: true, expires at: 1783016779125
[debug] [2026-07-02T17:26:57.967Z] Checked if tokens are valid: true, expires at: 1783016779125
[debug] [2026-07-02T17:26:57.967Z] >>> [apiv2][query] GET https://runtimeconfig.googleapis.com/v1beta1/projects/agendafamiliar-d9d7a/configs [none]
[debug] [2026-07-02T17:26:58.470Z] <<< [apiv2][status] GET https://runtimeconfig.googleapis.com/v1beta1/projects/agendafamiliar-d9d7a/configs 200
[debug] [2026-07-02T17:26:58.470Z] <<< [apiv2][body] GET https://runtimeconfig.googleapis.com/v1beta1/projects/agendafamiliar-d9d7a/configs {}
[debug] [2026-07-02T17:26:58.472Z] Validating nodejs source
[warn] !  functions: Runtime Node.js 20 was deprecated on 2026-04-30 and will be decommissioned on 2026-10-30, after which you will not be able to deploy without upgrading. Consider upgrading now to avoid disruption. See https://cloud.google.com/functions/docs/runtime-support for full details on the lifecycle policy 
[warn] !  functions: Couldn't find firebase-functions package in your source code. Have you run 'npm install'? 
[debug] [2026-07-02T17:26:58.474Z] getFunctionsSDKVersion encountered error: Cannot find module 'firebase-functions'
Require stack:
- C:\Users\alero\AppData\Roaming\npm\node_modules\firebase-tools\lib\deploy\functions\runtimes\node\versioning.js
- C:\Users\alero\AppData\Roaming\npm\node_modules\firebase-tools\lib\deploy\functions\runtimes\node\index.js
- C:\Users\alero\AppData\Roaming\npm\node_modules\firebase-tools\lib\deploy\functions\runtimes\index.js
- C:\Users\alero\AppData\Roaming\npm\node_modules\firebase-tools\lib\deploy\functions\prepare.js
- C:\Users\alero\AppData\Roaming\npm\node_modules\firebase-tools\lib\emulator\functionsEmulatorShared.js
- C:\Users\alero\AppData\Roaming\npm\node_modules\firebase-tools\lib\frameworks\index.js
- C:\Users\alero\AppData\Roaming\npm\node_modules\firebase-tools\lib\deploy\hosting\prepare.js
- C:\Users\alero\AppData\Roaming\npm\node_modules\firebase-tools\lib\deploy\hosting\index.js
- C:\Users\alero\AppData\Roaming\npm\node_modules\firebase-tools\lib\deploy\index.js
- C:\Users\alero\AppData\Roaming\npm\node_modules\firebase-tools\lib\commands\deploy.js
- C:\Users\alero\AppData\Roaming\npm\node_modules\firebase-tools\lib\commands\index.js
- C:\Users\alero\AppData\Roaming\npm\node_modules\firebase-tools\lib\index.js
- C:\Users\alero\AppData\Roaming\npm\node_modules\firebase-tools\lib\bin\cli.js
- C:\Users\alero\AppData\Roaming\npm\node_modules\firebase-tools\lib\bin\firebase.js {"code":"MODULE_NOT_FOUND","requireStack":["C:\\Users\\alero\\AppData\\Roaming\\npm\\node_modules\\firebase-tools\\lib\\deploy\\functions\\runtimes\\node\\versioning.js","C:\\Users\\alero\\AppData\\Roaming\\npm\\node_modules\\firebase-tools\\lib\\deploy\\functions\\runtimes\\node\\index.js","C:\\Users\\alero\\AppData\\Roaming\\npm\\node_modules\\firebase-tools\\lib\\deploy\\functions\\runtimes\\index.js","C:\\Users\\alero\\AppData\\Roaming\\npm\\node_modules\\firebase-tools\\lib\\deploy\\functions\\prepare.js","C:\\Users\\alero\\AppData\\Roaming\\npm\\node_modules\\firebase-tools\\lib\\emulator\\functionsEmulatorShared.js","C:\\Users\\alero\\AppData\\Roaming\\npm\\node_modules\\firebase-tools\\lib\\frameworks\\index.js","C:\\Users\\alero\\AppData\\Roaming\\npm\\node_modules\\firebase-tools\\lib\\deploy\\hosting\\prepare.js","C:\\Users\\alero\\AppData\\Roaming\\npm\\node_modules\\firebase-tools\\lib\\deploy\\hosting\\index.js","C:\\Users\\alero\\AppData\\Roaming\\npm\\node_modules\\firebase-tools\\lib\\deploy\\index.js","C:\\Users\\alero\\AppData\\Roaming\\npm\\node_modules\\firebase-tools\\lib\\commands\\deploy.js","C:\\Users\\alero\\AppData\\Roaming\\npm\\node_modules\\firebase-tools\\lib\\commands\\index.js","C:\\Users\\alero\\AppData\\Roaming\\npm\\node_modules\\firebase-tools\\lib\\index.js","C:\\Users\\alero\\AppData\\Roaming\\npm\\node_modules\\firebase-tools\\lib\\bin\\cli.js","C:\\Users\\alero\\AppData\\Roaming\\npm\\node_modules\\firebase-tools\\lib\\bin\\firebase.js"]}
[debug] [2026-07-02T17:26:58.475Z] checkFunctionsSDKVersion encountered error: Invalid Version:  {}
[debug] [2026-07-02T17:26:58.476Z] > [functions] package.json contents: {
  "name": "agendafamiliar-functions",
  "description": "Cloud Functions para enviar recordatorios push (FCM) de AgendaFamiliar",
  "main": "index.js",
  "engines": {
    "node": "20"
  },
  "dependencies": {
    "firebase-admin": "^12.6.0",
    "firebase-functions": "^5.1.1"
  },
  "private": true
}
[debug] [2026-07-02T17:26:58.477Z] Building nodejs source
[info] i  functions: Loading and analyzing source code for codebase default to determine what to deploy 
[debug] [2026-07-02T17:26:58.478Z] Could not parse firebase-functions version '' into semver.
[debug] [2026-07-02T17:26:58.479Z] Could not find functions.yaml. Must use http discovery
[debug] [2026-07-02T17:26:58.591Z] Error: Cannot find module 'firebase-functions'
Require stack:
- C:\Users\alero\AppData\Roaming\npm\node_modules\firebase-tools\lib\deploy\functions\runtimes\node\index.js
- C:\Users\alero\AppData\Roaming\npm\node_modules\firebase-tools\lib\deploy\functions\runtimes\index.js
- C:\Users\alero\AppData\Roaming\npm\node_modules\firebase-tools\lib\deploy\functions\prepare.js
- C:\Users\alero\AppData\Roaming\npm\node_modules\firebase-tools\lib\emulator\functionsEmulatorShared.js
- C:\Users\alero\AppData\Roaming\npm\node_modules\firebase-tools\lib\frameworks\index.js
- C:\Users\alero\AppData\Roaming\npm\node_modules\firebase-tools\lib\deploy\hosting\prepare.js
- C:\Users\alero\AppData\Roaming\npm\node_modules\firebase-tools\lib\deploy\hosting\index.js
- C:\Users\alero\AppData\Roaming\npm\node_modules\firebase-tools\lib\deploy\index.js
- C:\Users\alero\AppData\Roaming\npm\node_modules\firebase-tools\lib\commands\deploy.js
- C:\Users\alero\AppData\Roaming\npm\node_modules\firebase-tools\lib\commands\index.js
- C:\Users\alero\AppData\Roaming\npm\node_modules\firebase-tools\lib\index.js
- C:\Users\alero\AppData\Roaming\npm\node_modules\firebase-tools\lib\bin\cli.js
- C:\Users\alero\AppData\Roaming\npm\node_modules\firebase-tools\lib\bin\firebase.js
    at Function._resolveFilename (node:internal/modules/cjs/loader:1401:15)
    at Function.resolve (node:internal/modules/helpers:145:19)
    at Delegate.findFunctionsBinary (C:\Users\alero\AppData\Roaming\npm\node_modules\firebase-tools\lib\deploy\functions\runtimes\node\index.js:101:33)
    at Delegate.spawnFunctionsProcess (C:\Users\alero\AppData\Roaming\npm\node_modules\firebase-tools\lib\deploy\functions\runtimes\node\index.js:131:30)
    at Delegate.serveAdmin (C:\Users\alero\AppData\Roaming\npm\node_modules\firebase-tools\lib\deploy\functions\runtimes\node\index.js:152:35)
    at Delegate.discoverBuild (C:\Users\alero\AppData\Roaming\npm\node_modules\firebase-tools\lib\deploy\functions\runtimes\node\index.js:192:41)
    at process.processTicksAndRejections (node:internal/process/task_queues:105:5)
    at async loadCodebases (C:\Users\alero\AppData\Roaming\npm\node_modules\firebase-tools\lib\deploy\functions\prepare.js:393:33)
    at async prepare (C:\Users\alero\AppData\Roaming\npm\node_modules\firebase-tools\lib\deploy\functions\prepare.js:74:24)
    at async chain (C:\Users\alero\AppData\Roaming\npm\node_modules\firebase-tools\lib\deploy\index.js:45:9)
[error] 
[error] Error: An unexpected error has occurred.
